<?xml version="1.0" encoding="UTF-8"?>
<!-- Generated by org.testng.reporters.JUnitReportReporter -->
<testsuite hostname="JASMEETKAUR-PC" name="com.qa.api.gorest.testCases.GetImgurAPITest" tests="3" failures="0" timestamp="4 Jun 2021 02:00:11 GMT" time="19.180" errors="0">
  <testcase name="getAccountImagesTest" time="2.565" classname="com.qa.api.gorest.testCases.GetImgurAPITest"/>
  <testcase name="getAccountBlockStatusTest" time="2.099" classname="com.qa.api.gorest.testCases.GetImgurAPITest"/>
  <testcase name="uploadImagePostAPITest" time="14.516" classname="com.qa.api.gorest.testCases.GetImgurAPITest"/>
</testsuite> <!-- com.qa.api.gorest.testCases.GetImgurAPITest -->
