<?xml version="1.0" encoding="UTF-8"?>
<!-- Generated by org.testng.reporters.JUnitReportReporter -->
<testsuite hostname="JASMEETKAUR-PC" name="com.qa.api.gorest.util.AccessToken" tests="1" failures="0" timestamp="26 May 2021 12:04:32 GMT" time="14.126" errors="0">
  <testcase name="generateToken" time="14.126" classname="com.qa.api.gorest.util.AccessToken"/>
</testsuite> <!-- com.qa.api.gorest.util.AccessToken -->
