<?xml version="1.0" encoding="UTF-8"?>
<!-- Generated by org.testng.reporters.JUnitReportReporter -->
<testsuite hostname="JASMEETKAUR-PC" name="com.qa.api.gorest.testCases.CreateUserTest" tests="5" failures="0" timestamp="4 Jun 2021 02:00:11 GMT" time="8.785" errors="0">
  <testcase name="createUserAPIPostTest" time="1.211" classname="com.qa.api.gorest.testCases.CreateUserTest"/>
  <testcase name="createUserAPIPostTest" time="0.674" classname="com.qa.api.gorest.testCases.CreateUserTest"/>
  <testcase name="createUserAPIPostTest" time="0.566" classname="com.qa.api.gorest.testCases.CreateUserTest"/>
  <testcase name="createUserAPIPostTest" time="0.662" classname="com.qa.api.gorest.testCases.CreateUserTest"/>
  <testcase name="createUserAPIPostTest" time="5.672" classname="com.qa.api.gorest.testCases.CreateUserTest"/>
</testsuite> <!-- com.qa.api.gorest.testCases.CreateUserTest -->
