<?xml version="1.0" encoding="UTF-8"?>
<!-- Generated by org.testng.reporters.JUnitReportReporter -->
<testsuite hostname="JASMEETKAUR-PC" name="com.qa.api.gorest.POJO.UserResult" tests="1" failures="0" timestamp="2 Jun 2021 07:59:59 GMT" time="11.778" errors="0">
  <testcase name="createUserWithFullJSON" time="11.778" classname="com.qa.api.gorest.POJO.UserResult"/>
</testsuite> <!-- com.qa.api.gorest.POJO.UserResult -->
