<?xml version="1.0" encoding="UTF-8"?>
<!-- Generated by org.testng.reporters.JUnitReportReporter -->
<testsuite hostname="JASMEETKAUR-PC" name="com.qa.api.gorest.testCases.GetUserTest" tests="2" failures="0" timestamp="4 Jun 2021 02:00:11 GMT" time="9.987" errors="0">
  <testcase name="getAllUsersAPITest" time="8.874" classname="com.qa.api.gorest.testCases.GetUserTest"/>
  <testcase name="getUsersWithQueryParamsAPITest" time="1.113" classname="com.qa.api.gorest.testCases.GetUserTest"/>
</testsuite> <!-- com.qa.api.gorest.testCases.GetUserTest -->
